#
# There is insufficient memory for the Java Runtime Environment to continue.
# Native memory allocation (malloc) failed to allocate 419232 bytes for Chunk::new
# Possible reasons:
#   The system is out of physical RAM or swap space
#   In 32 bit mode, the process size limit was hit
# Possible solutions:
#   Reduce memory load on the system
#   Increase physical memory or swap space
#   Check if swap backing store is full
#   Use 64 bit Java on a 64 bit OS
#   Decrease Java heap size (-Xmx/-Xms)
#   Decrease number of Java threads
#   Decrease Java thread stack sizes (-Xss)
#   Set larger code cache with -XX:ReservedCodeCacheSize=
# This output file may be truncated or incomplete.
#
#  Out of Memory Error (allocation.cpp:390), pid=21744, tid=0x0000000000000f58
#
# JRE version: Java(TM) SE Runtime Environment (8.0_161-b12) (build 1.8.0_161-b12)
# Java VM: Java HotSpot(TM) 64-Bit Server VM (25.161-b12 mixed mode windows-amd64 compressed oops)
# Failed to write core dump. Minidumps are not enabled by default on client versions of Windows
#

---------------  T H R E A D  ---------------

Current thread (0x00000000193be800):  JavaThread "C2 CompilerThread0" daemon [_thread_in_native, id=3928, stack(0x0000000019b80000,0x0000000019c80000)]

Stack: [0x0000000019b80000,0x0000000019c80000]
[error occurred during error reporting (printing stack bounds), id 0xc0000005]

Native frames: (J=compiled Java code, j=interpreted, Vv=VM code, C=native code)


Current CompileTask:
C2:  25299 2276       4       controller.LODGrid::proximityEntities (466 bytes)


---------------  P R O C E S S  ---------------

Java Threads: ( => current thread )
  0x000000002bb68000 JavaThread "LWJGL Timer" daemon [_thread_blocked, id=19860, stack(0x0000000024e00000,0x0000000024f00000)]
  0x0000000029e8a800 JavaThread "Thread-9" daemon [_thread_blocked, id=14132, stack(0x00000000243d0000,0x00000000244d0000)]
  0x0000000021fd8000 JavaThread "Thread-8" daemon [_thread_blocked, id=8508, stack(0x00000000242d0000,0x00000000243d0000)]
  0x000000002a130000 JavaThread "Thread-7" daemon [_thread_blocked, id=17512, stack(0x00000000241d0000,0x00000000242d0000)]
  0x000000002239c800 JavaThread "Thread-6" daemon [_thread_blocked, id=5176, stack(0x0000000023f30000,0x0000000024030000)]
  0x0000000022387000 JavaThread "Thread-5" daemon [_thread_blocked, id=3668, stack(0x0000000023e30000,0x0000000023f30000)]
  0x0000000021f83000 JavaThread "Thread-4" daemon [_thread_blocked, id=19172, stack(0x0000000023d30000,0x0000000023e30000)]
  0x0000000019769000 JavaThread "Thread-3" daemon [_thread_blocked, id=6920, stack(0x0000000023c30000,0x0000000023d30000)]
  0x000000002242a800 JavaThread "Thread-2" daemon [_thread_blocked, id=22736, stack(0x0000000023b30000,0x0000000023c30000)]
  0x000000001968e800 JavaThread "Java2D Disposer" daemon [_thread_blocked, id=1204, stack(0x0000000022a00000,0x0000000022b00000)]
  0x0000000019450000 JavaThread "Service Thread" daemon [_thread_blocked, id=21260, stack(0x0000000019f80000,0x000000001a080000)]
  0x00000000193c9800 JavaThread "C1 CompilerThread3" daemon [_thread_blocked, id=21752, stack(0x0000000019e80000,0x0000000019f80000)]
  0x00000000193c4800 JavaThread "C2 CompilerThread2" daemon [_thread_blocked, id=8116, stack(0x0000000019d80000,0x0000000019e80000)]
  0x00000000193c0000 JavaThread "C2 CompilerThread1" daemon [_thread_blocked, id=18072, stack(0x0000000019c80000,0x0000000019d80000)]
=>0x00000000193be800 JavaThread "C2 CompilerThread0" daemon [_thread_in_native, id=3928, stack(0x0000000019b80000,0x0000000019c80000)]
  0x00000000193bb800 JavaThread "Attach Listener" daemon [_thread_blocked, id=18884, stack(0x0000000019a80000,0x0000000019b80000)]
  0x00000000193ba800 JavaThread "Signal Dispatcher" daemon [_thread_blocked, id=6576, stack(0x0000000019980000,0x0000000019a80000)]
  0x00000000193b0800 JavaThread "Finalizer" daemon [_thread_blocked, id=16636, stack(0x0000000019790000,0x0000000019890000)]
  0x000000000496a000 JavaThread "Reference Handler" daemon [_thread_blocked, id=7824, stack(0x0000000019290000,0x0000000019390000)]
  0x0000000004872800 JavaThread "main" [_thread_in_native, id=20132, stack(0x0000000004740000,0x0000000004840000)]

Other Threads:
  0x0000000017499000 VMThread [stack: 0x0000000019190000,0x0000000019290000] [id=21252]
  0x0000000019476000 WatcherThread [stack: 0x000000001a080000,0x000000001a180000] [id=19640]

VM state:not at safepoint (normal execution)

VM Mutex/Monitor currently owned by a thread: None

Heap:
 PSYoungGen      total 274944K, used 257915K [0x00000000eb200000, 0x0000000100000000, 0x0000000100000000)
  eden space 207872K, 91% used [0x00000000eb200000,0x00000000f6c611c8,0x00000000f7d00000)
  from space 67072K, 99% used [0x00000000f7d00000,0x00000000fbe7dae0,0x00000000fbe80000)
  to   space 67072K, 0% used [0x00000000fbe80000,0x00000000fbe80000,0x0000000100000000)
 ParOldGen       total 317952K, used 219641K [0x00000000c1600000, 0x00000000d4c80000, 0x00000000eb200000)
  object space 317952K, 69% used [0x00000000c1600000,0x00000000cec7e750,0x00000000d4c80000)
 Metaspace       used 9914K, capacity 10261K, committed 10368K, reserved 1058816K
  class space    used 1001K, capacity 1095K, committed 1152K, reserved 1048576K

Card table byte_map: [0x0000000013e10000,0x0000000014010000] byte_map_base: 0x0000000013805000

Marking Bits: (ParMarkBitMap*) 0x000000005f97f860
 Begin Bits: [0x0000000014960000, 0x0000000015908000)
 End Bits:   [0x0000000015908000, 0x00000000168b0000)

Polling page: 0x0000000004850000

CodeCache: size=245760Kb used=6851Kb max_used=6920Kb free=238908Kb
 bounds [0x0000000004a50000, 0x0000000005150000, 0x0000000013a50000]
 total_blobs=2385 nmethods=1873 adapters=425
 compilation: enabled

Compilation events (10 events):
Event: 24.784 Thread 0x00000000193c9800 nmethod 2270 0x0000000004d1a4d0 code [0x0000000004d1a620, 0x0000000004d1a770]
Event: 24.784 Thread 0x00000000193c9800 2271       3       org.lwjgl.util.vector.Vector4f::getY (5 bytes)
Event: 24.784 Thread 0x00000000193c9800 nmethod 2271 0x00000000050fe9d0 code [0x00000000050feb20, 0x00000000050fec70]
Event: 24.784 Thread 0x00000000193c9800 2272       3       org.lwjgl.util.vector.Vector4f::getZ (5 bytes)
Event: 24.784 Thread 0x00000000193c9800 nmethod 2272 0x00000000050fe690 code [0x00000000050fe7e0, 0x00000000050fe930]
Event: 25.159 Thread 0x00000000193c9800 2274       3       org.lwjgl.opengl.WindowsDisplay::setupCursorClipping (27 bytes)
Event: 25.159 Thread 0x00000000193c9800 nmethod 2274 0x0000000004c42a10 code [0x0000000004c42c00, 0x0000000004c434f8]
Event: 25.159 Thread 0x00000000193c9800 2275       3       org.lwjgl.opengl.WindowsDisplay$Rect::copyToBuffer (35 bytes)
Event: 25.160 Thread 0x00000000193c9800 nmethod 2275 0x0000000004c42250 code [0x0000000004c423e0, 0x0000000004c42878]
Event: 25.194 Thread 0x00000000193be800 2276       4       controller.LODGrid::proximityEntities (466 bytes)

GC Heap History (10 events):
Event: 7.498 GC heap before
{Heap before GC invocations=17 (full 3):
 PSYoungGen      total 300032K, used 267009K [0x00000000eb200000, 0x0000000100000000, 0x0000000100000000)
  eden space 258048K, 100% used [0x00000000eb200000,0x00000000fae00000,0x00000000fae00000)
  from space 41984K, 21% used [0x00000000fae00000,0x00000000fb6c0478,0x00000000fd700000)
  to   space 41984K, 0% used [0x00000000fd700000,0x00000000fd700000,0x0000000100000000)
 ParOldGen       total 218624K, used 142714K [0x00000000c1600000, 0x00000000ceb80000, 0x00000000eb200000)
  object space 218624K, 65% used [0x00000000c1600000,0x00000000ca15e9f8,0x00000000ceb80000)
 Metaspace       used 9550K, capacity 9887K, committed 10112K, reserved 1058816K
  class space    used 973K, capacity 1082K, committed 1152K, reserved 1048576K
Event: 7.530 GC heap after
Heap after GC invocations=17 (full 3):
 PSYoungGen      total 249856K, used 41967K [0x00000000eb200000, 0x0000000100000000, 0x0000000100000000)
  eden space 207872K, 0% used [0x00000000eb200000,0x00000000eb200000,0x00000000f7d00000)
  from space 41984K, 99% used [0x00000000fd700000,0x00000000ffffbd00,0x0000000100000000)
  to   space 67072K, 0% used [0x00000000f7d00000,0x00000000f7d00000,0x00000000fbe80000)
 ParOldGen       total 218624K, used 152177K [0x00000000c1600000, 0x00000000ceb80000, 0x00000000eb200000)
  object space 218624K, 69% used [0x00000000c1600000,0x00000000caa9c7c8,0x00000000ceb80000)
 Metaspace       used 9550K, capacity 9887K, committed 10112K, reserved 1058816K
  class space    used 973K, capacity 1082K, committed 1152K, reserved 1048576K
}
Event: 7.624 GC heap before
{Heap before GC invocations=18 (full 3):
 PSYoungGen      total 249856K, used 249839K [0x00000000eb200000, 0x0000000100000000, 0x0000000100000000)
  eden space 207872K, 100% used [0x00000000eb200000,0x00000000f7d00000,0x00000000f7d00000)
  from space 41984K, 99% used [0x00000000fd700000,0x00000000ffffbd00,0x0000000100000000)
  to   space 67072K, 0% used [0x00000000f7d00000,0x00000000f7d00000,0x00000000fbe80000)
 ParOldGen       total 218624K, used 152177K [0x00000000c1600000, 0x00000000ceb80000, 0x00000000eb200000)
  object space 218624K, 69% used [0x00000000c1600000,0x00000000caa9c7f8,0x00000000ceb80000)
 Metaspace       used 9550K, capacity 9887K, committed 10112K, reserved 1058816K
  class space    used 973K, capacity 1082K, committed 1152K, reserved 1048576K
Event: 7.661 GC heap after
Heap after GC invocations=18 (full 3):
 PSYoungGen      total 274944K, used 36292K [0x00000000eb200000, 0x0000000100000000, 0x0000000100000000)
  eden space 207872K, 0% used [0x00000000eb200000,0x00000000eb200000,0x00000000f7d00000)
  from space 67072K, 54% used [0x00000000f7d00000,0x00000000fa071108,0x00000000fbe80000)
  to   space 67072K, 0% used [0x00000000fbe80000,0x00000000fbe80000,0x0000000100000000)
 ParOldGen       total 218624K, used 190688K [0x00000000c1600000, 0x00000000ceb80000, 0x00000000eb200000)
  object space 218624K, 87% used [0x00000000c1600000,0x00000000cd038000,0x00000000ceb80000)
 Metaspace       used 9550K, capacity 9887K, committed 10112K, reserved 1058816K
  class space    used 973K, capacity 1082K, committed 1152K, reserved 1048576K
}
Event: 7.661 GC heap before
{Heap before GC invocations=19 (full 4):
 PSYoungGen      total 274944K, used 36292K [0x00000000eb200000, 0x0000000100000000, 0x0000000100000000)
  eden space 207872K, 0% used [0x00000000eb200000,0x00000000eb200000,0x00000000f7d00000)
  from space 67072K, 54% used [0x00000000f7d00000,0x00000000fa071108,0x00000000fbe80000)
  to   space 67072K, 0% used [0x00000000fbe80000,0x00000000fbe80000,0x0000000100000000)
 ParOldGen       total 218624K, used 190688K [0x00000000c1600000, 0x00000000ceb80000, 0x00000000eb200000)
  object space 218624K, 87% used [0x00000000c1600000,0x00000000cd038000,0x00000000ceb80000)
 Metaspace       used 9550K, capacity 9887K, committed 10112K, reserved 1058816K
  class space    used 973K, capacity 1082K, committed 1152K, reserved 1048576K
Event: 7.767 GC heap after
Heap after GC invocations=19 (full 4):
 PSYoungGen      total 274944K, used 2957K [0x00000000eb200000, 0x0000000100000000, 0x0000000100000000)
  eden space 207872K, 0% used [0x00000000eb200000,0x00000000eb200000,0x00000000f7d00000)
  from space 67072K, 4% used [0x00000000f7d00000,0x00000000f7fe3690,0x00000000fbe80000)
  to   space 67072K, 0% used [0x00000000fbe80000,0x00000000fbe80000,0x0000000100000000)
 ParOldGen       total 317952K, used 218477K [0x00000000c1600000, 0x00000000d4c80000, 0x00000000eb200000)
  object space 317952K, 68% used [0x00000000c1600000,0x00000000ceb5b5f0,0x00000000d4c80000)
 Metaspace       used 9550K, capacity 9887K, committed 10112K, reserved 1058816K
  class space    used 973K, capacity 1082K, committed 1152K, reserved 1048576K
}
Event: 7.915 GC heap before
{Heap before GC invocations=20 (full 4):
 PSYoungGen      total 274944K, used 210829K [0x00000000eb200000, 0x0000000100000000, 0x0000000100000000)
  eden space 207872K, 100% used [0x00000000eb200000,0x00000000f7d00000,0x00000000f7d00000)
  from space 67072K, 4% used [0x00000000f7d00000,0x00000000f7fe3690,0x00000000fbe80000)
  to   space 67072K, 0% used [0x00000000fbe80000,0x00000000fbe80000,0x0000000100000000)
 ParOldGen       total 317952K, used 218478K [0x00000000c1600000, 0x00000000d4c80000, 0x00000000eb200000)
  object space 317952K, 68% used [0x00000000c1600000,0x00000000ceb5bbd8,0x00000000d4c80000)
 Metaspace       used 9550K, capacity 9887K, committed 10112K, reserved 1058816K
  class space    used 973K, capacity 1082K, committed 1152K, reserved 1048576K
Event: 7.933 GC heap after
Heap after GC invocations=20 (full 4):
 PSYoungGen      total 274944K, used 36327K [0x00000000eb200000, 0x0000000100000000, 0x0000000100000000)
  eden space 207872K, 0% used [0x00000000eb200000,0x00000000eb200000,0x00000000f7d00000)
  from space 67072K, 54% used [0x00000000fbe80000,0x00000000fe1f9d80,0x0000000100000000)
  to   space 67072K, 0% used [0x00000000f7d00000,0x00000000f7d00000,0x00000000fbe80000)
 ParOldGen       total 317952K, used 218478K [0x00000000c1600000, 0x00000000d4c80000, 0x00000000eb200000)
  object space 317952K, 68% used [0x00000000c1600000,0x00000000ceb5bbd8,0x00000000d4c80000)
 Metaspace       used 9550K, capacity 9887K, committed 10112K, reserved 1058816K
  class space    used 973K, capacity 1082K, committed 1152K, reserved 1048576K
}
Event: 8.075 GC heap before
{Heap before GC invocations=21 (full 4):
 PSYoungGen      total 274944K, used 244199K [0x00000000eb200000, 0x0000000100000000, 0x0000000100000000)
  eden space 207872K, 100% used [0x00000000eb200000,0x00000000f7d00000,0x00000000f7d00000)
  from space 67072K, 54% used [0x00000000fbe80000,0x00000000fe1f9d80,0x0000000100000000)
  to   space 67072K, 0% used [0x00000000f7d00000,0x00000000f7d00000,0x00000000fbe80000)
 ParOldGen       total 317952K, used 218478K [0x00000000c1600000, 0x00000000d4c80000, 0x00000000eb200000)
  object space 317952K, 68% used [0x00000000c1600000,0x00000000ceb5bbd8,0x00000000d4c80000)
 Metaspace       used 9566K, capacity 9887K, committed 10112K, reserved 1058816K
  class space    used 976K, capacity 1082K, committed 1152K, reserved 1048576K
Event: 8.103 GC heap after
Heap after GC invocations=21 (full 4):
 PSYoungGen      total 274944K, used 67062K [0x00000000eb200000, 0x0000000100000000, 0x0000000100000000)
  eden space 207872K, 0% used [0x00000000eb200000,0x00000000eb200000,0x00000000f7d00000)
  from space 67072K, 99% used [0x00000000f7d00000,0x00000000fbe7dae0,0x00000000fbe80000)
  to   space 67072K, 0% used [0x00000000fbe80000,0x00000000fbe80000,0x0000000100000000)
 ParOldGen       total 317952K, used 219641K [0x00000000c1600000, 0x00000000d4c80000, 0x00000000eb200000)
  object space 317952K, 69% used [0x00000000c1600000,0x00000000cec7e750,0x00000000d4c80000)
 Metaspace       used 9566K, capacity 9887K, committed 10112K, reserved 1058816K
  class space    used 976K, capacity 1082K, committed 1152K, reserved 1048576K
}

Deoptimization events (10 events):
Event: 8.235 Thread 0x000000002239c800 Uncommon trap: reason=unstable_if action=reinterpret pc=0x0000000004b62538 method=toolbox.PoissonDiskSampler.addNextPoint([[Ljava/util/List;Ljava/util/List;Ljava/util/List;Ljava/awt/geom/Point2D$Float;)Z @ 111
Event: 8.276 Thread 0x0000000022387000 Uncommon trap: reason=unstable_if action=reinterpret pc=0x0000000004b675e8 method=toolbox.OpenSimplexNoise.eval(DD)D @ 261
Event: 8.312 Thread 0x0000000004872800 Uncommon trap: reason=unstable_if action=reinterpret pc=0x000000000505c4c0 method=java.util.concurrent.ConcurrentHashMap.get(Ljava/lang/Object;)Ljava/lang/Object; @ 76
Event: 12.829 Thread 0x0000000004872800 Uncommon trap: reason=unstable_if action=reinterpret pc=0x0000000004db36b4 method=java.util.TreeMap.getCeilingEntry(Ljava/lang/Object;)Ljava/util/TreeMap$Entry; @ 48
Event: 12.831 Thread 0x0000000004872800 Uncommon trap: reason=unstable_if action=reinterpret pc=0x0000000004bbdfb4 method=java.util.TreeMap.getCeilingEntry(Ljava/lang/Object;)Ljava/util/TreeMap$Entry; @ 48
Event: 14.928 Thread 0x0000000004872800 Uncommon trap: reason=unstable_if action=reinterpret pc=0x0000000004eafd08 method=controller.LODGrid.proximityEntities(Lorg/lwjgl/util/vector/Vector3f;)Ljava/util/List; @ 168
Event: 18.809 Thread 0x0000000004872800 Uncommon trap: reason=unstable_if action=reinterpret pc=0x0000000004d0e78c method=java.lang.Math.round(F)I @ 36
Event: 20.310 Thread 0x0000000004872800 Uncommon trap: reason=unstable_if action=reinterpret pc=0x0000000004ea042c method=terrains.TerrainLODGrid.determineLOD(Ltoolbox/Point2Di;Lorg/lwjgl/util/vector/Vector3f;)I @ 70
Event: 20.360 Thread 0x0000000004872800 Uncommon trap: reason=unstable_if action=reinterpret pc=0x0000000004ea4704 method=terrains.TerrainLODGrid.determineLOD(Ltoolbox/Point2Di;Lorg/lwjgl/util/vector/Vector3f;)I @ 70
Event: 20.410 Thread 0x0000000004872800 Uncommon trap: reason=unstable_if action=reinterpret pc=0x0000000004e54de4 method=java.util.TreeMap.getCeilingEntry(Ljava/lang/Object;)Ljava/util/TreeMap$Entry; @ 48

Classes redefined (0 events):
No events

Internal exceptions (9 events):
Event: 0.031 Thread 0x0000000004872800 Exception <a 'java/lang/NoSuchMethodError': Method sun.misc.Unsafe.defineClass(Ljava/lang/String;[BII)Ljava/lang/Class; name or signature does not match> (0x00000000eb207ca0) thrown at [C:\re\workspace\8-2-build-windows-amd64-cygwin\jdk8u161\10277\hotspot
Event: 0.031 Thread 0x0000000004872800 Exception <a 'java/lang/NoSuchMethodError': Method sun.misc.Unsafe.prefetchRead(Ljava/lang/Object;J)V name or signature does not match> (0x00000000eb207f88) thrown at [C:\re\workspace\8-2-build-windows-amd64-cygwin\jdk8u161\10277\hotspot\src\share\vm\prim
Event: 2.048 Thread 0x0000000004872800 Exception <a 'java/security/PrivilegedActionException'> (0x00000000eb74f268) thrown at [C:\re\workspace\8-2-build-windows-amd64-cygwin\jdk8u161\10277\hotspot\src\share\vm\prims\jvm.cpp, line 1390]
Event: 2.048 Thread 0x0000000004872800 Exception <a 'java/security/PrivilegedActionException'> (0x00000000eb74f660) thrown at [C:\re\workspace\8-2-build-windows-amd64-cygwin\jdk8u161\10277\hotspot\src\share\vm\prims\jvm.cpp, line 1390]
Event: 2.048 Thread 0x0000000004872800 Exception <a 'java/security/PrivilegedActionException'> (0x00000000eb7536a0) thrown at [C:\re\workspace\8-2-build-windows-amd64-cygwin\jdk8u161\10277\hotspot\src\share\vm\prims\jvm.cpp, line 1390]
Event: 2.048 Thread 0x0000000004872800 Exception <a 'java/security/PrivilegedActionException'> (0x00000000eb753a98) thrown at [C:\re\workspace\8-2-build-windows-amd64-cygwin\jdk8u161\10277\hotspot\src\share\vm\prims\jvm.cpp, line 1390]
Event: 2.668 Thread 0x0000000004872800 Exception <a 'java/io/FileNotFoundException'> (0x00000000eb3d84b8) thrown at [C:\re\workspace\8-2-build-windows-amd64-cygwin\jdk8u161\10277\hotspot\src\share\vm\prims\jni.cpp, line 709]
Event: 2.702 Thread 0x0000000004872800 Exception <a 'java/lang/NoSuchFieldError': method resolution failed> (0x00000000eb4d1700) thrown at [C:\re\workspace\8-2-build-windows-amd64-cygwin\jdk8u161\10277\hotspot\src\share\vm\prims\methodHandles.cpp, line 1167]
Event: 2.703 Thread 0x0000000004872800 Exception <a 'java/lang/NoSuchFieldError': method resolution failed> (0x00000000eb4dedf0) thrown at [C:\re\workspace\8-2-build-windows-amd64-cygwin\jdk8u161\10277\hotspot\src\share\vm\prims\methodHandles.cpp, line 1167]

Events (10 events):
Event: 25.033 Thread 0x0000000004872800 DEOPT PACKING pc=0x0000000004eee7a4 sp=0x000000000483ed90
Event: 25.033 Thread 0x0000000004872800 DEOPT UNPACKING pc=0x0000000004a97890 sp=0x000000000483eb70 mode 0
Event: 25.094 Thread 0x0000000004872800 DEOPT PACKING pc=0x0000000004eee7a4 sp=0x000000000483ed90
Event: 25.094 Thread 0x0000000004872800 DEOPT UNPACKING pc=0x0000000004a97890 sp=0x000000000483eb70 mode 0
Event: 25.144 Thread 0x0000000004872800 DEOPT PACKING pc=0x0000000004eee6eb sp=0x000000000483ed90
Event: 25.144 Thread 0x0000000004872800 DEOPT UNPACKING pc=0x0000000004a97890 sp=0x000000000483eb78 mode 0
Event: 25.194 Thread 0x0000000004872800 DEOPT PACKING pc=0x0000000004eee6eb sp=0x000000000483ed90
Event: 25.194 Thread 0x0000000004872800 DEOPT UNPACKING pc=0x0000000004a97890 sp=0x000000000483eb78 mode 0
Event: 25.261 Thread 0x0000000004872800 DEOPT PACKING pc=0x0000000004eee6eb sp=0x000000000483ed90
Event: 25.261 Thread 0x0000000004872800 DEOPT UNPACKING pc=0x0000000004a97890 sp=0x000000000483eb78 mode 0


Dynamic libraries:
0x00007ff7c0890000 - 0x00007ff7c08c7000 	C:\Program Files\Java\jre1.8.0_161\bin\javaw.exe
0x00007ff858d70000 - 0x00007ff858f50000 	C:\WINDOWS\SYSTEM32\ntdll.dll
0x00007ff838970000 - 0x00007ff8389a4000 	C:\Program Files (x86)\AVG\Antivirus\x64\aswhooka.dll
0x00007ff856900000 - 0x00007ff8569ae000 	C:\WINDOWS\System32\KERNEL32.DLL
0x00007ff855880000 - 0x00007ff855ae6000 	C:\WINDOWS\System32\KERNELBASE.dll
0x00007ff858b80000 - 0x00007ff858c21000 	C:\WINDOWS\System32\ADVAPI32.dll
0x00007ff858ae0000 - 0x00007ff858b7d000 	C:\WINDOWS\System32\msvcrt.dll
0x00007ff858ce0000 - 0x00007ff858d3b000 	C:\WINDOWS\System32\sechost.dll
0x00007ff856580000 - 0x00007ff85669f000 	C:\WINDOWS\System32\RPCRT4.dll
0x00007ff857120000 - 0x00007ff8572af000 	C:\WINDOWS\System32\USER32.dll
0x00007ff855540000 - 0x00007ff855560000 	C:\WINDOWS\System32\win32u.dll
0x00007ff858ab0000 - 0x00007ff858ad8000 	C:\WINDOWS\System32\GDI32.dll
0x00007ff855170000 - 0x00007ff855303000 	C:\WINDOWS\System32\gdi32full.dll
0x00007ff855760000 - 0x00007ff8557fb000 	C:\WINDOWS\System32\msvcp_win.dll
0x00007ff855660000 - 0x00007ff855756000 	C:\WINDOWS\System32\ucrtbase.dll
0x00007ff84c4d0000 - 0x00007ff84c739000 	C:\WINDOWS\WinSxS\amd64_microsoft.windows.common-controls_6595b64144ccf1df_6.0.16299.125_none_15cbcf8893620c09\COMCTL32.dll
0x00007ff8569c0000 - 0x00007ff856cc8000 	C:\WINDOWS\System32\combase.dll
0x00007ff855800000 - 0x00007ff855872000 	C:\WINDOWS\System32\bcryptPrimitives.dll
0x00007ff856760000 - 0x00007ff85678d000 	C:\WINDOWS\System32\IMM32.DLL
0x00007ff854be0000 - 0x00007ff854c17000 	C:\WINDOWS\system32\DriverStore\FileRepository\nvami.inf_amd64_be68490c36dd0154\nvinitx.dll
0x00007ff854bd0000 - 0x00007ff854bda000 	C:\WINDOWS\SYSTEM32\VERSION.dll
0x00007ff857330000 - 0x00007ff858766000 	C:\WINDOWS\System32\Shell32.dll
0x00007ff855560000 - 0x00007ff8555aa000 	C:\WINDOWS\System32\cfgmgr32.dll
0x00007ff858c30000 - 0x00007ff858cd6000 	C:\WINDOWS\System32\shcore.dll
0x00007ff855af0000 - 0x00007ff856237000 	C:\WINDOWS\System32\windows.storage.dll
0x00007ff8563b0000 - 0x00007ff856401000 	C:\WINDOWS\System32\shlwapi.dll
0x00007ff8550c0000 - 0x00007ff8550d1000 	C:\WINDOWS\System32\kernel.appcore.dll
0x00007ff8550e0000 - 0x00007ff85512c000 	C:\WINDOWS\System32\powrprof.dll
0x00007ff855130000 - 0x00007ff85514b000 	C:\WINDOWS\System32\profapi.dll
0x00000000602a0000 - 0x00000000602a6000 	C:\Program Files\NVIDIA Corporation\CoProcManager\_etoured.dll
0x00007ff8486e0000 - 0x00007ff848724000 	C:\Program Files\NVIDIA Corporation\CoProcManager\nvd3d9wrapx.dll
0x00007ff856cd0000 - 0x00007ff85711e000 	C:\WINDOWS\System32\SETUPAPI.dll
0x00007ff84a100000 - 0x00007ff84a12e000 	C:\Program Files\NVIDIA Corporation\CoProcManager\nvdxgiwrapx.dll
0x000000005fc90000 - 0x000000005fd62000 	C:\Program Files\Java\jre1.8.0_161\bin\msvcr100.dll
0x000000005f160000 - 0x000000005f9ff000 	C:\Program Files\Java\jre1.8.0_161\bin\server\jvm.dll
0x00007ff856750000 - 0x00007ff856758000 	C:\WINDOWS\System32\PSAPI.DLL
0x00007ff84f100000 - 0x00007ff84f109000 	C:\WINDOWS\SYSTEM32\WSOCK32.dll
0x00007ff858840000 - 0x00007ff8588ac000 	C:\WINDOWS\System32\WS2_32.dll
0x00007ff853170000 - 0x00007ff853193000 	C:\WINDOWS\SYSTEM32\WINMM.dll
0x00007ff853110000 - 0x00007ff85313a000 	C:\WINDOWS\SYSTEM32\WINMMBASE.dll
0x00000000601e0000 - 0x00000000601ef000 	C:\Program Files\Java\jre1.8.0_161\bin\verify.dll
0x00000000601b0000 - 0x00000000601d9000 	C:\Program Files\Java\jre1.8.0_161\bin\java.dll
0x0000000060060000 - 0x0000000060076000 	C:\Program Files\Java\jre1.8.0_161\bin\zip.dll
0x0000000180000000 - 0x0000000180051000 	C:\Users\Marko\workspace\GameEngine\lib\natives\lwjgl64.dll
0x00007ff826f90000 - 0x00007ff8270ae000 	C:\WINDOWS\SYSTEM32\OPENGL32.dll
0x00007ff848ac0000 - 0x00007ff848aec000 	C:\WINDOWS\SYSTEM32\GLU32.dll
0x00007ff853420000 - 0x00007ff8534b5000 	C:\WINDOWS\system32\uxtheme.dll
0x00007ff856240000 - 0x00007ff8563a7000 	C:\WINDOWS\System32\MSCTF.dll
0x00007ff858770000 - 0x00007ff858835000 	C:\WINDOWS\System32\OLEAUT32.dll
0x000000005fe60000 - 0x000000005fe9c000 	C:\Fraps\fraps64.dll
0x00007ff853650000 - 0x00007ff85367a000 	C:\WINDOWS\system32\dwmapi.dll
0x00007ff854ed0000 - 0x00007ff854ef7000 	C:\WINDOWS\SYSTEM32\DEVOBJ.dll
0x00007ff855310000 - 0x00007ff855368000 	C:\WINDOWS\System32\WINTRUST.dll
0x00007ff855150000 - 0x00007ff855162000 	C:\WINDOWS\System32\MSASN1.dll
0x00007ff855370000 - 0x00007ff85553e000 	C:\WINDOWS\System32\CRYPT32.dll
0x000000005cb80000 - 0x000000005edfd000 	C:\WINDOWS\SYSTEM32\nvoglv64.DLL
0x00007ff852350000 - 0x00007ff852363000 	C:\WINDOWS\SYSTEM32\WTSAPI32.dll
0x00007ff8541b0000 - 0x00007ff8541e1000 	C:\WINDOWS\SYSTEM32\ntmarta.dll
0x00007ff835940000 - 0x00007ff835afd000 	C:\WINDOWS\system32\nvspcap64.dll
0x00007ff856410000 - 0x00007ff856559000 	C:\WINDOWS\System32\ole32.dll
0x00007ff84a4e0000 - 0x00007ff84a578000 	C:\WINDOWS\System32\TextInputFramework.dll
0x00007ff84f240000 - 0x00007ff84f52e000 	C:\WINDOWS\System32\CoreUIComponents.dll
0x00007ff8524b0000 - 0x00007ff85258d000 	C:\WINDOWS\System32\CoreMessaging.dll
0x00007ff851300000 - 0x00007ff851436000 	C:\WINDOWS\SYSTEM32\wintypes.dll
0x00007ff84ae00000 - 0x00007ff84ae97000 	C:\WINDOWS\SYSTEM32\mscms.dll
0x00007ff854fc0000 - 0x00007ff854fe9000 	C:\WINDOWS\SYSTEM32\USERENV.dll
0x00007ff846f60000 - 0x00007ff846fa1000 	C:\WINDOWS\SYSTEM32\icm32.dll
0x00007ff854a80000 - 0x00007ff854ad5000 	C:\WINDOWS\SYSTEM32\WINSTA.dll
0x00007ff853ee0000 - 0x00007ff853f8f000 	C:\WINDOWS\system32\dxgi.dll
0x00007ff852060000 - 0x00007ff852341000 	C:\WINDOWS\system32\d3d11.dll
0x00007ff84dec0000 - 0x00007ff84df5f000 	C:\WINDOWS\System32\DriverStore\FileRepository\nvami.inf_amd64_be68490c36dd0154\nvumdshimx.dll
0x00007ff839b70000 - 0x00007ff839c51000 	C:\WINDOWS\System32\DriverStore\FileRepository\nvami.inf_amd64_be68490c36dd0154\nvldumdx.dll
0x00007ff856560000 - 0x00007ff85657d000 	C:\WINDOWS\System32\imagehlp.dll
0x00007ff854a60000 - 0x00007ff854a77000 	C:\WINDOWS\SYSTEM32\CRYPTSP.dll
0x00007ff8544b0000 - 0x00007ff8544e3000 	C:\WINDOWS\system32\rsaenh.dll
0x00007ff854c20000 - 0x00007ff854c45000 	C:\WINDOWS\SYSTEM32\bcrypt.dll
0x00007ff854ae0000 - 0x00007ff854aeb000 	C:\WINDOWS\SYSTEM32\CRYPTBASE.dll
0x00007ff805970000 - 0x00007ff8072f8000 	C:\WINDOWS\System32\DriverStore\FileRepository\nvami.inf_amd64_be68490c36dd0154\nvwgf2umx.dll
0x00007ff84da80000 - 0x00007ff84debf000 	C:\WINDOWS\system32\nvapi64.dll
0x00007ff852bb0000 - 0x00007ff852cf2000 	C:\WINDOWS\SYSTEM32\dcomp.dll
0x000000005fef0000 - 0x000000005ff0a000 	C:\Program Files\Java\jre1.8.0_161\bin\net.dll
0x00007ff8548a0000 - 0x00007ff854906000 	C:\WINDOWS\system32\mswsock.dll
0x000000005fed0000 - 0x000000005fee1000 	C:\Program Files\Java\jre1.8.0_161\bin\nio.dll
0x000000005c9e0000 - 0x000000005cb78000 	C:\Program Files\Java\jre1.8.0_161\bin\awt.dll
0x00007ff853260000 - 0x00007ff8532e8000 	C:\WINDOWS\SYSTEM32\apphelp.dll

VM Arguments:
jvm_args: -Djava.util.logging.config.file=./logging.properties -Djava.library.path=C:\Users\Marko\workspace\GameEngine\lib\natives -Dfile.encoding=UTF-8 
java_command: engineTester.HeightMapScene2
java_class_path (initial): C:\Users\Marko\workspace\GameEngine\bin;C:\Users\Marko\workspace\GameEngine\lib\jars\lwjgl_util.jar;C:\Users\Marko\workspace\GameEngine\lib\jars\lwjgl.jar;C:\Users\Marko\workspace\GameEngine\lib\jars\slick-util.jar;C:\Users\Marko\.p2\pool\plugins\org.junit_4.12.0.v201504281640\junit.jar;C:\Users\Marko\.p2\pool\plugins\org.hamcrest.core_1.3.0.v201303031735.jar
Launcher Type: SUN_STANDARD

Environment Variables:
JAVA_HOME=C:\Program Files\Java\jdk1.8.0_91
CLASSPATH=C:\apache-tomcat-8.5.9\lib
PATH=C:/Program Files/Java/jre1.8.0_161/bin/server;C:/Program Files/Java/jre1.8.0_161/bin;C:/Program Files/Java/jre1.8.0_161/lib/amd64;C:\Program Files\NVIDIA GPU Computing Toolkit\CUDA\v9.0\bin;C:\Program Files\NVIDIA GPU Computing Toolkit\CUDA\v9.0\libnvvp;D:\ProgramData\Anaconda3;D:\ProgramData\Anaconda3\Library\mingw-w64\bin;D:\ProgramData\Anaconda3\Library\usr\bin;D:\ProgramData\Anaconda3\Library\bin;D:\ProgramData\Anaconda3\Scripts;C:\Program Files\Haskell\bin;C:\Program Files\Haskell Platform\8.2.1\lib\extralibs\bin;C:\Program Files\Haskell Platform\8.2.1\bin;C:\PROGRA~2\GTK2-R~1\bin;D:\Program Files (x86)\Python36-32\Scripts\;D:\Program Files (x86)\Python36-32\;C:\Perl64\site\bin;C:\Perl64\bin;C:\ProgramData\Oracle\Java\javapath;C:\Windows\system32;C:\Windows;C:\Windows\System32\Wbem;C:\Windows\System32\WindowsPowerShell\v1.0\;C:\Program Files (x86)\GtkSharp\2.12\bin;C:\Program Files\Java\jdk1.8.0_91\bin;C:\Program Files\Java\jdk1.8.0_91\jre\bin;D:\usr\MinGW\bin;C:\Program Files\Git\cmd;C:\Program Files\Git LFS;D:\usr\apache-maven-3.3.9\bin;C:\WINDOWS\system32;C:\WINDOWS;C:\WINDOWS\System32\Wbem;C:\WINDOWS\System32\WindowsPowerShell\v1.0\;C:\ServletDevel;D:\Program Files\MATLAB\R2013a\runtime\win64;D:\Program Files\MATLAB\R2013a\bin;D:\Program Files\Mercurial\;C:\Program Files (x86)\Skype\Phone\;C:\Program Files (x86)\NVIDIA Corporation\PhysX\Common;C:\Program Files (x86)\GTK2-Runtime\bin;C:\Program Files\Haskell Platform\8.2.1\mingw\bin;;C:\WINDOWS\system32;C:\WINDOWS;C:\WINDOWS\System32\Wbem;C:\WINDOWS\System32\WindowsPowerShell\v1.0\;C:\Users\Marko\AppData\Roaming\cabal\bin;C:\Users\Marko\AppData\Roaming\local\bin;C:\Python35\Scripts\;C:\Python35\;D:\Anaconda2;D:\Anaconda2\Scripts;D:\Anaconda2\Library\bin;C:\Users\Marko\AppData\Local\Microsoft\WindowsApps;;C:\WINDOWS\System32;
USERNAME=Marko
OS=Windows_NT
PROCESSOR_IDENTIFIER=Intel64 Family 6 Model 42 Stepping 7, GenuineIntel



---------------  S Y S T E M  ---------------

OS: Windows 10.0 , 64 bit Build 16299 (10.0.16299.15)

CPU:total 8 (initial active 8) (4 cores per cpu, 2 threads per core) family 6 model 42 stepping 7, cmov, cx8, fxsr, mmx, sse, sse2, sse3, ssse3, sse4.1, sse4.2, popcnt, avx, aes, clmul, ht, tsc, tscinvbit

Memory: 4k page, physical 4097084k(506676k free), swap 10537812k(2592k free)

vm_info: Java HotSpot(TM) 64-Bit Server VM (25.161-b12) for windows-amd64 JRE (1.8.0_161-b12), built on Dec 19 2017 17:52:25 by "java_re" with MS VC++ 10.0 (VS2010)

time: Wed Mar 14 20:25:34 2018
elapsed time: 25 seconds (0d 0h 0m 25s)

