#
# A fatal error has been detected by the Java Runtime Environment:
#
#  EXCEPTION_ACCESS_VIOLATION (0xc0000005) at pc=0x000000005d8d04d0, pid=17156, tid=0x0000000000004330
#
# JRE version: Java(TM) SE Runtime Environment (8.0_161-b12) (build 1.8.0_161-b12)
# Java VM: Java HotSpot(TM) 64-Bit Server VM (25.161-b12 mixed mode windows-amd64 compressed oops)
# Problematic frame:
# C  [nvoglv64.DLL+0xd504d0]
#
# Failed to write core dump. Minidumps are not enabled by default on client versions of Windows
#
# If you would like to submit a bug report, please visit:
#   http://bugreport.java.com/bugreport/crash.jsp
# The crash happened outside the Java Virtual Machine in native code.
# See problematic frame for where to report the bug.
#

---------------  T H R E A D  ---------------

Current thread (0x00000000040de000):  JavaThread "main" [_thread_in_native, id=17200, stack(0x0000000003f70000,0x0000000004070000)]

siginfo: ExceptionCode=0xc0000005, reading address 0x0000000000000000

Registers:
RAX=0x0000000000000000, RBX=0x0000000031e53e48, RCX=0x00000000246307f8, RDX=0x0000000000000008
RSP=0x000000000406e908, RBP=0x000000001a848040, RSI=0x0000000023eeb0b4, RDI=0x0000000000000000
R8 =0x000000000000000c, R9 =0x0000000000001690, R10=0x000000000000000c, R11=0x0000000000000000
R12=0x0000000000000007, R13=0x0000000000000000, R14=0x000000000406e9b0, R15=0x0000000023eeb0b4
RIP=0x000000005d8d04d0, EFLAGS=0x0000000000010202

Top of Stack: (sp=0x000000000406e908)
0x000000000406e908:   000000005d988312 000000001a848040
0x000000000406e918:   000000000000000f 000000001a848040
0x000000000406e928:   000000001a848040 0000000023eeb0b4
0x000000000406e938:   0000000031e53b48 0000000000000000
0x000000000406e948:   000000005d988941 0000000031e53e48
0x000000000406e958:   000000005d8d04c0 0000000000000001
0x000000000406e968:   000000000003e0c0 0000000031e53e48
0x000000000406e978:   000000005d8d04c0 0000000000000000
0x000000000406e988:   000000000406e9b0 0000000202e9e8b8
0x000000000406e998:   000000005d814bd0 000000010000000f
0x000000000406e9a8:   0000000202e9e8b8 00000000246307f8
0x000000000406e9b8:   10c0000000000000 000000001a848040
0x000000000406e9c8:   0000000000000000 000000001a848040
0x000000000406e9d8:   000000001a848040 0000000000000000
0x000000000406e9e8:   0000000000000000 0000000000000004
0x000000000406e9f8:   000000001a790000 0000000000001405 

Instructions: (pc=0x000000005d8d04d0)
0x000000005d8d04b0:   48 8b c1 c3 cc cc cc cc cc cc cc cc cc cc cc cc
0x000000005d8d04c0:   4d 63 d0 48 83 c2 08 66 0f 1f 84 00 00 00 00 00
0x000000005d8d04d0:   8b 42 f8 89 01 8b 42 fc 89 41 04 8b 02 49 03 d2
0x000000005d8d04e0:   89 41 08 48 83 c1 0c 41 83 e9 01 75 e3 48 8b c1 


Register to memory mapping:

RAX=0x0000000000000000 is an unknown value
RBX=0x0000000031e53e48 is an unknown value
RCX=0x00000000246307f8 is an unknown value
RDX=0x0000000000000008 is an unknown value
RSP=0x000000000406e908 is pointing into the stack for thread: 0x00000000040de000
RBP=0x000000001a848040 is an unknown value
RSI=0x0000000023eeb0b4 is an unknown value
RDI=0x0000000000000000 is an unknown value
R8 =0x000000000000000c is an unknown value
R9 =0x0000000000001690 is an unknown value
R10=0x000000000000000c is an unknown value
R11=0x0000000000000000 is an unknown value
R12=0x0000000000000007 is an unknown value
R13=0x0000000000000000 is an unknown value
R14=0x000000000406e9b0 is pointing into the stack for thread: 0x00000000040de000
R15=0x0000000023eeb0b4 is an unknown value


Stack: [0x0000000003f70000,0x0000000004070000],  sp=0x000000000406e908,  free space=1018k
Native frames: (J=compiled Java code, j=interpreted, Vv=VM code, C=native code)
C  [nvoglv64.DLL+0xd504d0]

Java frames: (J=compiled Java code, j=interpreted, Vv=VM code)
J 1597  org.lwjgl.opengl.GL11.nglDrawElementsBO(IIIJJ)V (0 bytes) @ 0x00000000047f4996 [0x00000000047f4940+0x56]
J 1860 C2 renderEngine.TerrainRenderer.render(Ljava/util/List;)V (65 bytes) @ 0x0000000004648fbc [0x0000000004648c40+0x37c]
J 1936 C1 renderEngine.MasterRenderer.render(Lentities/Light;Lentities/Camera;)V (167 bytes) @ 0x000000000460dc6c [0x0000000004609f40+0x3d2c]
j  engineTester.Medvednica.main([Ljava/lang/String;)V+1277
v  ~StubRoutines::call_stub

---------------  P R O C E S S  ---------------

Java Threads: ( => current thread )
  0x0000000018edf800 JavaThread "LWJGL Timer" daemon [_thread_blocked, id=6028, stack(0x0000000025eb0000,0x0000000025fb0000)]
  0x0000000018ef2800 JavaThread "Thread-9" daemon [_thread_blocked, id=13068, stack(0x0000000024d10000,0x0000000024e10000)]
  0x0000000018ef1800 JavaThread "Thread-8" daemon [_thread_blocked, id=9304, stack(0x0000000024c10000,0x0000000024d10000)]
  0x0000000018ef1000 JavaThread "Thread-7" daemon [_thread_blocked, id=10188, stack(0x0000000023d00000,0x0000000023e00000)]
  0x0000000018ef0000 JavaThread "Thread-6" daemon [_thread_blocked, id=14512, stack(0x0000000023c00000,0x0000000023d00000)]
  0x000000002848e800 JavaThread "Thread-5" daemon [_thread_blocked, id=15116, stack(0x00000000235a0000,0x00000000236a0000)]
  0x000000002848d800 JavaThread "Thread-4" daemon [_thread_blocked, id=13716, stack(0x00000000234a0000,0x00000000235a0000)]
  0x000000002848d000 JavaThread "Thread-3" daemon [_thread_blocked, id=8512, stack(0x00000000233a0000,0x00000000234a0000)]
  0x000000002848c000 JavaThread "Thread-2" daemon [_thread_blocked, id=23100, stack(0x00000000232a0000,0x00000000233a0000)]
  0x0000000021811800 JavaThread "Java2D Disposer" daemon [_thread_blocked, id=18752, stack(0x00000000221f0000,0x00000000222f0000)]
  0x0000000018bf8000 JavaThread "Service Thread" daemon [_thread_blocked, id=8480, stack(0x0000000019720000,0x0000000019820000)]
  0x0000000018b70000 JavaThread "C1 CompilerThread3" daemon [_thread_blocked, id=4524, stack(0x0000000019620000,0x0000000019720000)]
  0x0000000018b62800 JavaThread "C2 CompilerThread2" daemon [_thread_blocked, id=18448, stack(0x0000000019520000,0x0000000019620000)]
  0x0000000018b5f000 JavaThread "C2 CompilerThread1" daemon [_thread_blocked, id=5696, stack(0x0000000019420000,0x0000000019520000)]
  0x0000000018b5a800 JavaThread "C2 CompilerThread0" daemon [_thread_blocked, id=12444, stack(0x0000000019320000,0x0000000019420000)]
  0x0000000018b59000 JavaThread "Attach Listener" daemon [_thread_blocked, id=19992, stack(0x0000000019220000,0x0000000019320000)]
  0x0000000018b58000 JavaThread "Signal Dispatcher" daemon [_thread_blocked, id=19872, stack(0x0000000019120000,0x0000000019220000)]
  0x00000000041de800 JavaThread "Finalizer" daemon [_thread_blocked, id=23160, stack(0x0000000018f30000,0x0000000019030000)]
  0x00000000041d7000 JavaThread "Reference Handler" daemon [_thread_blocked, id=9764, stack(0x0000000018a30000,0x0000000018b30000)]
=>0x00000000040de000 JavaThread "main" [_thread_in_native, id=17200, stack(0x0000000003f70000,0x0000000004070000)]

Other Threads:
  0x0000000016c29800 VMThread [stack: 0x0000000018930000,0x0000000018a30000] [id=21084]
  0x0000000018c19000 WatcherThread [stack: 0x0000000019820000,0x0000000019920000] [id=21568]

VM state:not at safepoint (normal execution)

VM Mutex/Monitor currently owned by a thread: None

Heap:
 PSYoungGen      total 323584K, used 228766K [0x00000000eb200000, 0x0000000100000000, 0x0000000100000000)
  eden space 306176K, 72% used [0x00000000eb200000,0x00000000f8a96a00,0x00000000fdd00000)
  from space 17408K, 40% used [0x00000000fdd00000,0x00000000fe3d10a8,0x00000000fee00000)
  to   space 17920K, 0% used [0x00000000fee80000,0x00000000fee80000,0x0000000100000000)
 ParOldGen       total 326656K, used 308532K [0x00000000c1600000, 0x00000000d5500000, 0x00000000eb200000)
  object space 326656K, 94% used [0x00000000c1600000,0x00000000d434d128,0x00000000d5500000)
 Metaspace       used 9787K, capacity 10075K, committed 10368K, reserved 1058816K
  class space    used 1005K, capacity 1094K, committed 1152K, reserved 1048576K

Card table byte_map: [0x00000000135a0000,0x00000000137a0000] byte_map_base: 0x0000000012f95000

Marking Bits: (ParMarkBitMap*) 0x000000005f97f860
 Begin Bits: [0x00000000140f0000, 0x0000000015098000)
 End Bits:   [0x0000000015098000, 0x0000000016040000)

Polling page: 0x0000000003e80000

CodeCache: size=245760Kb used=6035Kb max_used=6467Kb free=239724Kb
 bounds [0x00000000041e0000, 0x0000000004840000, 0x00000000131e0000]
 total_blobs=2224 nmethods=1711 adapters=425
 compilation: enabled

Compilation events (10 events):
Event: 54.164 Thread 0x0000000018b62800 2148       4       org.lwjgl.opengl.WindowsMouse::poll (183 bytes)
Event: 54.176 Thread 0x0000000018b62800 nmethod 2148 0x000000000468ac50 code [0x000000000468ada0, 0x000000000468b358]
Event: 57.764 Thread 0x0000000018b5a800 2149       4       java.nio.HeapByteBuffer::put (167 bytes)
Event: 57.766 Thread 0x0000000018b5a800 nmethod 2149 0x0000000004412cd0 code [0x0000000004412e20, 0x0000000004413118]
Event: 60.580 Thread 0x0000000018b5f000 2150  s    4       org.lwjgl.opengl.EventQueue::copyEvents (77 bytes)
Event: 60.589 Thread 0x0000000018b5f000 nmethod 2150 0x00000000046875d0 code [0x0000000004687760, 0x0000000004688198]
Event: 63.014 Thread 0x0000000018b62800 2151       4       org.lwjgl.opengl.WindowsDisplay$Rect::offset (41 bytes)
Event: 63.015 Thread 0x0000000018b62800 nmethod 2151 0x000000000459c8d0 code [0x000000000459ca00, 0x000000000459ca78]
Event: 63.213 Thread 0x0000000018b70000 2152       3       entities.FloatingCamera::strafeRight (63 bytes)
Event: 63.214 Thread 0x0000000018b70000 nmethod 2152 0x0000000004790810 code [0x00000000047909c0, 0x0000000004791330]

GC Heap History (10 events):
Event: 56.486 GC heap before
{Heap before GC invocations=68 (full 5):
 PSYoungGen      total 322048K, used 314372K [0x00000000eb200000, 0x00000000ffe80000, 0x0000000100000000)
  eden space 303104K, 100% used [0x00000000eb200000,0x00000000fda00000,0x00000000fda00000)
  from space 18944K, 59% used [0x00000000fec00000,0x00000000ff701190,0x00000000ffe80000)
  to   space 18432K, 0% used [0x00000000fda00000,0x00000000fda00000,0x00000000fec00000)
 ParOldGen       total 326656K, used 304120K [0x00000000c1600000, 0x00000000d5500000, 0x00000000eb200000)
  object space 326656K, 93% used [0x00000000c1600000,0x00000000d3efe288,0x00000000d5500000)
 Metaspace       used 9787K, capacity 10075K, committed 10368K, reserved 1058816K
  class space    used 1005K, capacity 1094K, committed 1152K, reserved 1048576K
Event: 56.498 GC heap after
Heap after GC invocations=68 (full 5):
 PSYoungGen      total 321536K, used 10665K [0x00000000eb200000, 0x00000000ffe80000, 0x0000000100000000)
  eden space 303104K, 0% used [0x00000000eb200000,0x00000000eb200000,0x00000000fda00000)
  from space 18432K, 57% used [0x00000000fda00000,0x00000000fe46a570,0x00000000fec00000)
  to   space 17920K, 0% used [0x00000000fed00000,0x00000000fed00000,0x00000000ffe80000)
 ParOldGen       total 326656K, used 304751K [0x00000000c1600000, 0x00000000d5500000, 0x00000000eb200000)
  object space 326656K, 93% used [0x00000000c1600000,0x00000000d3f9bc70,0x00000000d5500000)
 Metaspace       used 9787K, capacity 10075K, committed 10368K, reserved 1058816K
  class space    used 1005K, capacity 1094K, committed 1152K, reserved 1048576K
}
Event: 58.570 GC heap before
{Heap before GC invocations=69 (full 5):
 PSYoungGen      total 321536K, used 313769K [0x00000000eb200000, 0x00000000ffe80000, 0x0000000100000000)
  eden space 303104K, 100% used [0x00000000eb200000,0x00000000fda00000,0x00000000fda00000)
  from space 18432K, 57% used [0x00000000fda00000,0x00000000fe46a570,0x00000000fec00000)
  to   space 17920K, 0% used [0x00000000fed00000,0x00000000fed00000,0x00000000ffe80000)
 ParOldGen       total 326656K, used 304751K [0x00000000c1600000, 0x00000000d5500000, 0x00000000eb200000)
  object space 326656K, 93% used [0x00000000c1600000,0x00000000d3f9bc70,0x00000000d5500000)
 Metaspace       used 9787K, capacity 10075K, committed 10368K, reserved 1058816K
  class space    used 1005K, capacity 1094K, committed 1152K, reserved 1048576K
Event: 58.577 GC heap after
Heap after GC invocations=69 (full 5):
 PSYoungGen      total 322560K, used 10048K [0x00000000eb200000, 0x00000000fff80000, 0x0000000100000000)
  eden space 304640K, 0% used [0x00000000eb200000,0x00000000eb200000,0x00000000fdb80000)
  from space 17920K, 56% used [0x00000000fed00000,0x00000000ff6d02d0,0x00000000ffe80000)
  to   space 17920K, 0% used [0x00000000fdb80000,0x00000000fdb80000,0x00000000fed00000)
 ParOldGen       total 326656K, used 305376K [0x00000000c1600000, 0x00000000d5500000, 0x00000000eb200000)
  object space 326656K, 93% used [0x00000000c1600000,0x00000000d40381e8,0x00000000d5500000)
 Metaspace       used 9787K, capacity 10075K, committed 10368K, reserved 1058816K
  class space    used 1005K, capacity 1094K, committed 1152K, reserved 1048576K
}
Event: 60.667 GC heap before
{Heap before GC invocations=70 (full 5):
 PSYoungGen      total 322560K, used 314688K [0x00000000eb200000, 0x00000000fff80000, 0x0000000100000000)
  eden space 304640K, 100% used [0x00000000eb200000,0x00000000fdb80000,0x00000000fdb80000)
  from space 17920K, 56% used [0x00000000fed00000,0x00000000ff6d02d0,0x00000000ffe80000)
  to   space 17920K, 0% used [0x00000000fdb80000,0x00000000fdb80000,0x00000000fed00000)
 ParOldGen       total 326656K, used 305376K [0x00000000c1600000, 0x00000000d5500000, 0x00000000eb200000)
  object space 326656K, 93% used [0x00000000c1600000,0x00000000d40381e8,0x00000000d5500000)
 Metaspace       used 9787K, capacity 10075K, committed 10368K, reserved 1058816K
  class space    used 1005K, capacity 1094K, committed 1152K, reserved 1048576K
Event: 60.675 GC heap after
Heap after GC invocations=70 (full 5):
 PSYoungGen      total 322560K, used 9411K [0x00000000eb200000, 0x00000000fff00000, 0x0000000100000000)
  eden space 304640K, 0% used [0x00000000eb200000,0x00000000eb200000,0x00000000fdb80000)
  from space 17920K, 52% used [0x00000000fdb80000,0x00000000fe4b0f68,0x00000000fed00000)
  to   space 17408K, 0% used [0x00000000fee00000,0x00000000fee00000,0x00000000fff00000)
 ParOldGen       total 326656K, used 306137K [0x00000000c1600000, 0x00000000d5500000, 0x00000000eb200000)
  object space 326656K, 93% used [0x00000000c1600000,0x00000000d40f67f8,0x00000000d5500000)
 Metaspace       used 9787K, capacity 10075K, committed 10368K, reserved 1058816K
  class space    used 1005K, capacity 1094K, committed 1152K, reserved 1048576K
}
Event: 62.765 GC heap before
{Heap before GC invocations=71 (full 5):
 PSYoungGen      total 322560K, used 314051K [0x00000000eb200000, 0x00000000fff00000, 0x0000000100000000)
  eden space 304640K, 100% used [0x00000000eb200000,0x00000000fdb80000,0x00000000fdb80000)
  from space 17920K, 52% used [0x00000000fdb80000,0x00000000fe4b0f68,0x00000000fed00000)
  to   space 17408K, 0% used [0x00000000fee00000,0x00000000fee00000,0x00000000fff00000)
 ParOldGen       total 326656K, used 306137K [0x00000000c1600000, 0x00000000d5500000, 0x00000000eb200000)
  object space 326656K, 93% used [0x00000000c1600000,0x00000000d40f67f8,0x00000000d5500000)
 Metaspace       used 9787K, capacity 10075K, committed 10368K, reserved 1058816K
  class space    used 1005K, capacity 1094K, committed 1152K, reserved 1048576K
Event: 62.773 GC heap after
Heap after GC invocations=71 (full 5):
 PSYoungGen      total 323584K, used 8178K [0x00000000eb200000, 0x00000000fff80000, 0x0000000100000000)
  eden space 306176K, 0% used [0x00000000eb200000,0x00000000eb200000,0x00000000fdd00000)
  from space 17408K, 46% used [0x00000000fee00000,0x00000000ff5fcb20,0x00000000fff00000)
  to   space 17408K, 0% used [0x00000000fdd00000,0x00000000fdd00000,0x00000000fee00000)
 ParOldGen       total 326656K, used 307286K [0x00000000c1600000, 0x00000000d5500000, 0x00000000eb200000)
  object space 326656K, 94% used [0x00000000c1600000,0x00000000d42158e0,0x00000000d5500000)
 Metaspace       used 9787K, capacity 10075K, committed 10368K, reserved 1058816K
  class space    used 1005K, capacity 1094K, committed 1152K, reserved 1048576K
}
Event: 64.850 GC heap before
{Heap before GC invocations=72 (full 5):
 PSYoungGen      total 323584K, used 314354K [0x00000000eb200000, 0x00000000fff80000, 0x0000000100000000)
  eden space 306176K, 100% used [0x00000000eb200000,0x00000000fdd00000,0x00000000fdd00000)
  from space 17408K, 46% used [0x00000000fee00000,0x00000000ff5fcb20,0x00000000fff00000)
  to   space 17408K, 0% used [0x00000000fdd00000,0x00000000fdd00000,0x00000000fee00000)
 ParOldGen       total 326656K, used 307286K [0x00000000c1600000, 0x00000000d5500000, 0x00000000eb200000)
  object space 326656K, 94% used [0x00000000c1600000,0x00000000d42158e0,0x00000000d5500000)
 Metaspace       used 9787K, capacity 10075K, committed 10368K, reserved 1058816K
  class space    used 1005K, capacity 1094K, committed 1152K, reserved 1048576K
Event: 64.858 GC heap after
Heap after GC invocations=72 (full 5):
 PSYoungGen      total 323584K, used 6980K [0x00000000eb200000, 0x0000000100000000, 0x0000000100000000)
  eden space 306176K, 0% used [0x00000000eb200000,0x00000000eb200000,0x00000000fdd00000)
  from space 17408K, 40% used [0x00000000fdd00000,0x00000000fe3d10a8,0x00000000fee00000)
  to   space 17920K, 0% used [0x00000000fee80000,0x00000000fee80000,0x0000000100000000)
 ParOldGen       total 326656K, used 308532K [0x00000000c1600000, 0x00000000d5500000, 0x00000000eb200000)
  object space 326656K, 94% used [0x00000000c1600000,0x00000000d434d128,0x00000000d5500000)
 Metaspace       used 9787K, capacity 10075K, committed 10368K, reserved 1058816K
  class space    used 1005K, capacity 1094K, committed 1152K, reserved 1048576K
}

Deoptimization events (10 events):
Event: 31.191 Thread 0x00000000040de000 Uncommon trap: reason=unstable_if action=reinterpret pc=0x00000000047e7e54 method=java.nio.Bits.tryReserveMemory(JI)Z @ 29
Event: 34.987 Thread 0x000000002848d000 Uncommon trap: reason=unstable_if action=reinterpret pc=0x00000000043a74c8 method=java.awt.Point.equals(Ljava/lang/Object;)Z @ 20
Event: 34.987 Thread 0x000000002848d000 Uncommon trap: reason=unstable_if action=reinterpret pc=0x00000000046bfddc method=java.awt.Point.equals(Ljava/lang/Object;)Z @ 20
Event: 36.844 Thread 0x000000002848e800 Uncommon trap: reason=unstable_if action=reinterpret pc=0x0000000004498ce0 method=toolbox.PoissonDiskSampler.addNextPoint([[Ljava/util/List;Ljava/util/List;Ljava/util/List;Ljava/awt/geom/Point2D$Float;)Z @ 127
Event: 36.913 Thread 0x000000002848d000 Uncommon trap: reason=unstable_if action=reinterpret pc=0x00000000044db3f8 method=java.lang.Math.round(F)I @ 23
Event: 37.020 Thread 0x000000002848d000 Uncommon trap: reason=unstable_if action=reinterpret pc=0x000000000448d274 method=java.lang.Math.round(F)I @ 23
Event: 42.223 Thread 0x000000002848e800 Uncommon trap: reason=unstable_if action=reinterpret pc=0x0000000004559c04 method=toolbox.PoissonDiskSampler.addNextPoint([[Ljava/util/List;Ljava/util/List;Ljava/util/List;Ljava/awt/geom/Point2D$Float;)Z @ 95
Event: 47.171 Thread 0x000000002848e800 Uncommon trap: reason=unstable_if action=reinterpret pc=0x000000000455d364 method=java.util.AbstractCollection.isEmpty()Z @ 4
Event: 47.172 Thread 0x000000002848d800 Uncommon trap: reason=unstable_if action=reinterpret pc=0x00000000046e3458 method=terrains.TreePlacer$2.run()V @ 19
Event: 47.176 Thread 0x000000002848d000 Uncommon trap: reason=unstable_if action=reinterpret pc=0x0000000004415b50 method=controller.LODGrid$1.run()V @ 19

Classes redefined (0 events):
No events

Internal exceptions (10 events):
Event: 0.032 Thread 0x00000000040de000 Exception <a 'java/lang/NoSuchMethodError': Method sun.misc.Unsafe.defineClass(Ljava/lang/String;[BII)Ljava/lang/Class; name or signature does not match> (0x00000000eb207ca0) thrown at [C:\re\workspace\8-2-build-windows-amd64-cygwin\jdk8u161\10277\hotspot
Event: 0.032 Thread 0x00000000040de000 Exception <a 'java/lang/NoSuchMethodError': Method sun.misc.Unsafe.prefetchRead(Ljava/lang/Object;J)V name or signature does not match> (0x00000000eb207f88) thrown at [C:\re\workspace\8-2-build-windows-amd64-cygwin\jdk8u161\10277\hotspot\src\share\vm\prim
Event: 2.125 Thread 0x00000000040de000 Exception <a 'java/security/PrivilegedActionException'> (0x00000000eb74f508) thrown at [C:\re\workspace\8-2-build-windows-amd64-cygwin\jdk8u161\10277\hotspot\src\share\vm\prims\jvm.cpp, line 1390]
Event: 2.125 Thread 0x00000000040de000 Exception <a 'java/security/PrivilegedActionException'> (0x00000000eb74f900) thrown at [C:\re\workspace\8-2-build-windows-amd64-cygwin\jdk8u161\10277\hotspot\src\share\vm\prims\jvm.cpp, line 1390]
Event: 2.126 Thread 0x00000000040de000 Exception <a 'java/security/PrivilegedActionException'> (0x00000000eb753940) thrown at [C:\re\workspace\8-2-build-windows-amd64-cygwin\jdk8u161\10277\hotspot\src\share\vm\prims\jvm.cpp, line 1390]
Event: 2.126 Thread 0x00000000040de000 Exception <a 'java/security/PrivilegedActionException'> (0x00000000eb753d38) thrown at [C:\re\workspace\8-2-build-windows-amd64-cygwin\jdk8u161\10277\hotspot\src\share\vm\prims\jvm.cpp, line 1390]
Event: 2.767 Thread 0x00000000040de000 Exception <a 'java/io/FileNotFoundException'> (0x00000000eb312a40) thrown at [C:\re\workspace\8-2-build-windows-amd64-cygwin\jdk8u161\10277\hotspot\src\share\vm\prims\jni.cpp, line 709]
Event: 2.812 Thread 0x00000000040de000 Exception <a 'java/lang/NoSuchFieldError': method resolution failed> (0x00000000eb40bc10) thrown at [C:\re\workspace\8-2-build-windows-amd64-cygwin\jdk8u161\10277\hotspot\src\share\vm\prims\methodHandles.cpp, line 1167]
Event: 2.813 Thread 0x00000000040de000 Exception <a 'java/lang/NoSuchFieldError': method resolution failed> (0x00000000eb419300) thrown at [C:\re\workspace\8-2-build-windows-amd64-cygwin\jdk8u161\10277\hotspot\src\share\vm\prims\methodHandles.cpp, line 1167]
Event: 19.063 Thread 0x00000000040de000 Implicit null exception at 0x00000000045683b0 to 0x0000000004568441

Events (10 events):
Event: 63.214 Thread 0x0000000018b70000 flushing nmethod 0x00000000047f7a90
Event: 63.214 Thread 0x0000000018b70000 flushing nmethod 0x00000000047fd4d0
Event: 63.214 Thread 0x0000000018b70000 flushing nmethod 0x0000000004805610
Event: 63.214 Thread 0x0000000018b70000 flushing nmethod 0x0000000004809110
Event: 63.214 Thread 0x0000000018b70000 flushing nmethod 0x00000000048099d0
Event: 63.214 Thread 0x0000000018b70000 flushing nmethod 0x000000000480c650
Event: 63.214 Thread 0x0000000018b70000 flushing nmethod 0x0000000004814150
Event: 63.214 Thread 0x0000000018b70000 flushing nmethod 0x0000000004815f50
Event: 64.850 Executing VM operation: ParallelGCFailedAllocation
Event: 64.858 Executing VM operation: ParallelGCFailedAllocation done


Dynamic libraries:
0x00007ff730e80000 - 0x00007ff730eb7000 	C:\Program Files\Java\jre1.8.0_161\bin\javaw.exe
0x00007ff858d70000 - 0x00007ff858f50000 	C:\WINDOWS\SYSTEM32\ntdll.dll
0x00007ff838970000 - 0x00007ff8389a4000 	C:\Program Files (x86)\AVG\Antivirus\x64\aswhooka.dll
0x00007ff856900000 - 0x00007ff8569ae000 	C:\WINDOWS\System32\KERNEL32.DLL
0x00007ff855880000 - 0x00007ff855ae6000 	C:\WINDOWS\System32\KERNELBASE.dll
0x00007ff858b80000 - 0x00007ff858c21000 	C:\WINDOWS\System32\ADVAPI32.dll
0x00007ff858ae0000 - 0x00007ff858b7d000 	C:\WINDOWS\System32\msvcrt.dll
0x00007ff858ce0000 - 0x00007ff858d3b000 	C:\WINDOWS\System32\sechost.dll
0x00007ff856580000 - 0x00007ff85669f000 	C:\WINDOWS\System32\RPCRT4.dll
0x00007ff857120000 - 0x00007ff8572af000 	C:\WINDOWS\System32\USER32.dll
0x00007ff855540000 - 0x00007ff855560000 	C:\WINDOWS\System32\win32u.dll
0x00007ff858ab0000 - 0x00007ff858ad8000 	C:\WINDOWS\System32\GDI32.dll
0x00007ff855170000 - 0x00007ff855303000 	C:\WINDOWS\System32\gdi32full.dll
0x00007ff855760000 - 0x00007ff8557fb000 	C:\WINDOWS\System32\msvcp_win.dll
0x00007ff855660000 - 0x00007ff855756000 	C:\WINDOWS\System32\ucrtbase.dll
0x00007ff84c4d0000 - 0x00007ff84c739000 	C:\WINDOWS\WinSxS\amd64_microsoft.windows.common-controls_6595b64144ccf1df_6.0.16299.125_none_15cbcf8893620c09\COMCTL32.dll
0x00007ff8569c0000 - 0x00007ff856cc8000 	C:\WINDOWS\System32\combase.dll
0x00007ff855800000 - 0x00007ff855872000 	C:\WINDOWS\System32\bcryptPrimitives.dll
0x00007ff856760000 - 0x00007ff85678d000 	C:\WINDOWS\System32\IMM32.DLL
0x00007ff854be0000 - 0x00007ff854c17000 	C:\WINDOWS\system32\DriverStore\FileRepository\nvami.inf_amd64_be68490c36dd0154\nvinitx.dll
0x00007ff854bd0000 - 0x00007ff854bda000 	C:\WINDOWS\SYSTEM32\VERSION.dll
0x00007ff857330000 - 0x00007ff858766000 	C:\WINDOWS\System32\Shell32.dll
0x00007ff855560000 - 0x00007ff8555aa000 	C:\WINDOWS\System32\cfgmgr32.dll
0x00007ff858c30000 - 0x00007ff858cd6000 	C:\WINDOWS\System32\shcore.dll
0x00007ff855af0000 - 0x00007ff856237000 	C:\WINDOWS\System32\windows.storage.dll
0x00007ff8563b0000 - 0x00007ff856401000 	C:\WINDOWS\System32\shlwapi.dll
0x00007ff8550c0000 - 0x00007ff8550d1000 	C:\WINDOWS\System32\kernel.appcore.dll
0x00007ff8550e0000 - 0x00007ff85512c000 	C:\WINDOWS\System32\powrprof.dll
0x00007ff855130000 - 0x00007ff85514b000 	C:\WINDOWS\System32\profapi.dll
0x00000000602a0000 - 0x00000000602a6000 	C:\Program Files\NVIDIA Corporation\CoProcManager\_etoured.dll
0x00007ff8486e0000 - 0x00007ff848724000 	C:\Program Files\NVIDIA Corporation\CoProcManager\nvd3d9wrapx.dll
0x00007ff856cd0000 - 0x00007ff85711e000 	C:\WINDOWS\System32\SETUPAPI.dll
0x00007ff84a100000 - 0x00007ff84a12e000 	C:\Program Files\NVIDIA Corporation\CoProcManager\nvdxgiwrapx.dll
0x000000005fc90000 - 0x000000005fd62000 	C:\Program Files\Java\jre1.8.0_161\bin\msvcr100.dll
0x000000005f160000 - 0x000000005f9ff000 	C:\Program Files\Java\jre1.8.0_161\bin\server\jvm.dll
0x00007ff856750000 - 0x00007ff856758000 	C:\WINDOWS\System32\PSAPI.DLL
0x00007ff84f100000 - 0x00007ff84f109000 	C:\WINDOWS\SYSTEM32\WSOCK32.dll
0x00007ff858840000 - 0x00007ff8588ac000 	C:\WINDOWS\System32\WS2_32.dll
0x00007ff853170000 - 0x00007ff853193000 	C:\WINDOWS\SYSTEM32\WINMM.dll
0x00007ff853110000 - 0x00007ff85313a000 	C:\WINDOWS\SYSTEM32\WINMMBASE.dll
0x00000000601e0000 - 0x00000000601ef000 	C:\Program Files\Java\jre1.8.0_161\bin\verify.dll
0x00000000601b0000 - 0x00000000601d9000 	C:\Program Files\Java\jre1.8.0_161\bin\java.dll
0x0000000060060000 - 0x0000000060076000 	C:\Program Files\Java\jre1.8.0_161\bin\zip.dll
0x0000000180000000 - 0x0000000180051000 	C:\Users\Marko\workspace\GameEngine\lib\natives\lwjgl64.dll
0x00007ff826f90000 - 0x00007ff8270ae000 	C:\WINDOWS\SYSTEM32\OPENGL32.dll
0x00007ff847c90000 - 0x00007ff847cbc000 	C:\WINDOWS\SYSTEM32\GLU32.dll
0x00007ff853420000 - 0x00007ff8534b5000 	C:\WINDOWS\system32\uxtheme.dll
0x00007ff856240000 - 0x00007ff8563a7000 	C:\WINDOWS\System32\MSCTF.dll
0x00007ff858770000 - 0x00007ff858835000 	C:\WINDOWS\System32\OLEAUT32.dll
0x000000005fe60000 - 0x000000005fe9c000 	C:\Fraps\fraps64.dll
0x00007ff853650000 - 0x00007ff85367a000 	C:\WINDOWS\system32\dwmapi.dll
0x00007ff854ed0000 - 0x00007ff854ef7000 	C:\WINDOWS\SYSTEM32\DEVOBJ.dll
0x00007ff855310000 - 0x00007ff855368000 	C:\WINDOWS\System32\WINTRUST.dll
0x00007ff855150000 - 0x00007ff855162000 	C:\WINDOWS\System32\MSASN1.dll
0x00007ff855370000 - 0x00007ff85553e000 	C:\WINDOWS\System32\CRYPT32.dll
0x000000005cb80000 - 0x000000005edfd000 	C:\WINDOWS\SYSTEM32\nvoglv64.DLL
0x00007ff852350000 - 0x00007ff852363000 	C:\WINDOWS\SYSTEM32\WTSAPI32.dll
0x00007ff8541b0000 - 0x00007ff8541e1000 	C:\WINDOWS\SYSTEM32\ntmarta.dll
0x00007ff835940000 - 0x00007ff835afd000 	C:\WINDOWS\system32\nvspcap64.dll
0x00007ff856410000 - 0x00007ff856559000 	C:\WINDOWS\System32\ole32.dll
0x00007ff84a4e0000 - 0x00007ff84a578000 	C:\WINDOWS\System32\TextInputFramework.dll
0x00007ff84f240000 - 0x00007ff84f52e000 	C:\WINDOWS\System32\CoreUIComponents.dll
0x00007ff8524b0000 - 0x00007ff85258d000 	C:\WINDOWS\System32\CoreMessaging.dll
0x00007ff851300000 - 0x00007ff851436000 	C:\WINDOWS\SYSTEM32\wintypes.dll
0x00007ff84ae00000 - 0x00007ff84ae97000 	C:\WINDOWS\SYSTEM32\mscms.dll
0x00007ff854fc0000 - 0x00007ff854fe9000 	C:\WINDOWS\SYSTEM32\USERENV.dll
0x00007ff841da0000 - 0x00007ff841de1000 	C:\WINDOWS\SYSTEM32\icm32.dll
0x00007ff854a80000 - 0x00007ff854ad5000 	C:\WINDOWS\SYSTEM32\WINSTA.dll
0x00007ff853ee0000 - 0x00007ff853f8f000 	C:\WINDOWS\system32\dxgi.dll
0x00007ff852060000 - 0x00007ff852341000 	C:\WINDOWS\system32\d3d11.dll
0x00007ff84dec0000 - 0x00007ff84df5f000 	C:\WINDOWS\System32\DriverStore\FileRepository\nvami.inf_amd64_be68490c36dd0154\nvumdshimx.dll
0x00007ff839b70000 - 0x00007ff839c51000 	C:\WINDOWS\System32\DriverStore\FileRepository\nvami.inf_amd64_be68490c36dd0154\nvldumdx.dll
0x00007ff856560000 - 0x00007ff85657d000 	C:\WINDOWS\System32\imagehlp.dll
0x00007ff854a60000 - 0x00007ff854a77000 	C:\WINDOWS\SYSTEM32\CRYPTSP.dll
0x00007ff8544b0000 - 0x00007ff8544e3000 	C:\WINDOWS\system32\rsaenh.dll
0x00007ff854c20000 - 0x00007ff854c45000 	C:\WINDOWS\SYSTEM32\bcrypt.dll
0x00007ff854ae0000 - 0x00007ff854aeb000 	C:\WINDOWS\SYSTEM32\CRYPTBASE.dll
0x00007ff805970000 - 0x00007ff8072f8000 	C:\WINDOWS\System32\DriverStore\FileRepository\nvami.inf_amd64_be68490c36dd0154\nvwgf2umx.dll
0x00007ff84da80000 - 0x00007ff84debf000 	C:\WINDOWS\system32\nvapi64.dll
0x00007ff852bb0000 - 0x00007ff852cf2000 	C:\WINDOWS\SYSTEM32\dcomp.dll
0x000000005fef0000 - 0x000000005ff0a000 	C:\Program Files\Java\jre1.8.0_161\bin\net.dll
0x00007ff8548a0000 - 0x00007ff854906000 	C:\WINDOWS\system32\mswsock.dll
0x000000005fed0000 - 0x000000005fee1000 	C:\Program Files\Java\jre1.8.0_161\bin\nio.dll
0x000000005c9e0000 - 0x000000005cb78000 	C:\Program Files\Java\jre1.8.0_161\bin\awt.dll
0x00007ff853260000 - 0x00007ff8532e8000 	C:\WINDOWS\SYSTEM32\apphelp.dll
0x00007ff844670000 - 0x00007ff844838000 	C:\WINDOWS\SYSTEM32\dbghelp.dll

VM Arguments:
jvm_args: -Djava.library.path=C:\Users\Marko\workspace\GameEngine\lib\natives -Dfile.encoding=UTF-8 
java_command: engineTester.Medvednica
java_class_path (initial): C:\Users\Marko\workspace\GameEngine\bin;C:\Users\Marko\workspace\GameEngine\lib\jars\lwjgl_util.jar;C:\Users\Marko\workspace\GameEngine\lib\jars\lwjgl.jar;C:\Users\Marko\workspace\GameEngine\lib\jars\slick-util.jar;C:\Users\Marko\.p2\pool\plugins\org.junit_4.12.0.v201504281640\junit.jar;C:\Users\Marko\.p2\pool\plugins\org.hamcrest.core_1.3.0.v201303031735.jar
Launcher Type: SUN_STANDARD

Environment Variables:
JAVA_HOME=C:\Program Files\Java\jdk1.8.0_91
CLASSPATH=C:\apache-tomcat-8.5.9\lib
PATH=C:/Program Files/Java/jre1.8.0_161/bin/server;C:/Program Files/Java/jre1.8.0_161/bin;C:/Program Files/Java/jre1.8.0_161/lib/amd64;C:\Program Files\NVIDIA GPU Computing Toolkit\CUDA\v9.0\bin;C:\Program Files\NVIDIA GPU Computing Toolkit\CUDA\v9.0\libnvvp;D:\ProgramData\Anaconda3;D:\ProgramData\Anaconda3\Library\mingw-w64\bin;D:\ProgramData\Anaconda3\Library\usr\bin;D:\ProgramData\Anaconda3\Library\bin;D:\ProgramData\Anaconda3\Scripts;C:\Program Files\Haskell\bin;C:\Program Files\Haskell Platform\8.2.1\lib\extralibs\bin;C:\Program Files\Haskell Platform\8.2.1\bin;C:\PROGRA~2\GTK2-R~1\bin;D:\Program Files (x86)\Python36-32\Scripts\;D:\Program Files (x86)\Python36-32\;C:\Perl64\site\bin;C:\Perl64\bin;C:\ProgramData\Oracle\Java\javapath;C:\Windows\system32;C:\Windows;C:\Windows\System32\Wbem;C:\Windows\System32\WindowsPowerShell\v1.0\;C:\Program Files (x86)\GtkSharp\2.12\bin;C:\Program Files\Java\jdk1.8.0_91\bin;C:\Program Files\Java\jdk1.8.0_91\jre\bin;D:\usr\MinGW\bin;C:\Program Files\Git\cmd;C:\Program Files\Git LFS;D:\usr\apache-maven-3.3.9\bin;C:\WINDOWS\system32;C:\WINDOWS;C:\WINDOWS\System32\Wbem;C:\WINDOWS\System32\WindowsPowerShell\v1.0\;C:\ServletDevel;D:\Program Files\MATLAB\R2013a\runtime\win64;D:\Program Files\MATLAB\R2013a\bin;D:\Program Files\Mercurial\;C:\Program Files (x86)\Skype\Phone\;C:\Program Files (x86)\NVIDIA Corporation\PhysX\Common;C:\Program Files (x86)\GTK2-Runtime\bin;C:\Program Files\Haskell Platform\8.2.1\mingw\bin;;C:\WINDOWS\system32;C:\WINDOWS;C:\WINDOWS\System32\Wbem;C:\WINDOWS\System32\WindowsPowerShell\v1.0\;C:\Users\Marko\AppData\Roaming\cabal\bin;C:\Users\Marko\AppData\Roaming\local\bin;C:\Python35\Scripts\;C:\Python35\;D:\Anaconda2;D:\Anaconda2\Scripts;D:\Anaconda2\Library\bin;C:\Users\Marko\AppData\Local\Microsoft\WindowsApps;;C:\WINDOWS\System32;
USERNAME=Marko
OS=Windows_NT
PROCESSOR_IDENTIFIER=Intel64 Family 6 Model 42 Stepping 7, GenuineIntel



---------------  S Y S T E M  ---------------

OS: Windows 10.0 , 64 bit Build 16299 (10.0.16299.15)

CPU:total 8 (initial active 8) (4 cores per cpu, 2 threads per core) family 6 model 42 stepping 7, cmov, cx8, fxsr, mmx, sse, sse2, sse3, ssse3, sse4.1, sse4.2, popcnt, avx, aes, clmul, ht, tsc, tscinvbit

Memory: 4k page, physical 4097084k(461584k free), swap 10537812k(752k free)

vm_info: Java HotSpot(TM) 64-Bit Server VM (25.161-b12) for windows-amd64 JRE (1.8.0_161-b12), built on Dec 19 2017 17:52:25 by "java_re" with MS VC++ 10.0 (VS2010)

time: Thu Mar 15 00:54:47 2018
elapsed time: 67 seconds (0d 0h 1m 7s)

